<?xml version="1.0" encoding="UTF-8"?>
<testng-results ignored="0" total="2" passed="2" failed="0" skipped="0">
  <reporter-output>
  </reporter-output>
  <suite started-at="2025-11-23T01:15:51 EET" name="Default suite" finished-at="2025-11-23T01:16:02 EET" duration-ms="11144">
    <groups>
    </groups>
    <test started-at="2025-11-23T01:15:51 EET" name="Default test" finished-at="2025-11-23T01:16:02 EET" duration-ms="11144">
      <class name="day03.DDL">
        <test-method is-config="true" signature="setup()[pri:0, instance:day03.DDL@5fd62371]" started-at="2025-11-23T01:15:51 EET" name="setup" finished-at="2025-11-23T01:15:57 EET" duration-ms="6310" status="PASS">
          <reporter-output>
          </reporter-output>
        </test-method> <!-- setup -->
        <test-method signature="TestCase1()[pri:0, instance:day03.DDL@5fd62371]" started-at="2025-11-23T01:15:57 EET" name="TestCase1" finished-at="2025-11-23T01:15:58 EET" duration-ms="1153" status="PASS">
          <reporter-output>
          </reporter-output>
        </test-method> <!-- TestCase1 -->
        <test-method is-config="true" signature="Exit()[pri:0, instance:day03.DDL@5fd62371]" started-at="2025-11-23T01:15:58 EET" name="Exit" finished-at="2025-11-23T01:15:59 EET" duration-ms="367" status="PASS">
          <reporter-output>
          </reporter-output>
        </test-method> <!-- Exit -->
      </class> <!-- day03.DDL -->
      <class name="day04.LearnXpath">
        <test-method is-config="true" signature="Testcase()[pri:0, instance:day04.LearnXpath@6d67f5eb]" started-at="2025-11-23T01:15:59 EET" name="Testcase" finished-at="2025-11-23T01:16:01 EET" duration-ms="2178" status="PASS">
          <reporter-output>
          </reporter-output>
        </test-method> <!-- Testcase -->
        <test-method signature="Test1()[pri:0, instance:day04.LearnXpath@6d67f5eb]" started-at="2025-11-23T01:16:01 EET" name="Test1" finished-at="2025-11-23T01:16:01 EET" duration-ms="501" status="PASS">
          <reporter-output>
          </reporter-output>
        </test-method> <!-- Test1 -->
        <test-method is-config="true" signature="Exit()[pri:0, instance:day04.LearnXpath@6d67f5eb]" started-at="2025-11-23T01:16:01 EET" name="Exit" finished-at="2025-11-23T01:16:02 EET" duration-ms="455" status="PASS">
          <reporter-output>
          </reporter-output>
        </test-method> <!-- Exit -->
      </class> <!-- day04.LearnXpath -->
    </test> <!-- Default test -->
  </suite> <!-- Default suite -->
</testng-results>
