<?xml version="1.0" encoding="UTF-8"?>
<testng-results ignored="0" total="2" passed="2" failed="0" skipped="0">
  <reporter-output>
  </reporter-output>
  <suite started-at="2025-11-22T23:31:02 EET" name="Default suite" finished-at="2025-11-22T23:31:19 EET" duration-ms="16197">
    <groups>
    </groups>
    <test started-at="2025-11-22T23:31:02 EET" name="Default test" finished-at="2025-11-22T23:31:19 EET" duration-ms="16197">
      <class name="day03.DDL">
        <test-method is-config="true" signature="Test()[pri:0, instance:day03.DDL@d3957fe]" started-at="2025-11-22T23:31:02 EET" name="Test" finished-at="2025-11-22T23:31:11 EET" duration-ms="8644" status="PASS">
          <reporter-output>
          </reporter-output>
        </test-method> <!-- Test -->
        <test-method signature="TestCase1()[pri:0, instance:day03.DDL@d3957fe]" started-at="2025-11-22T23:31:11 EET" name="TestCase1" finished-at="2025-11-22T23:31:12 EET" duration-ms="1344" status="PASS">
          <reporter-output>
          </reporter-output>
        </test-method> <!-- TestCase1 -->
        <test-method is-config="true" signature="Exit()[pri:0, instance:day03.DDL@d3957fe]" started-at="2025-11-22T23:31:12 EET" name="Exit" finished-at="2025-11-22T23:31:15 EET" duration-ms="2102" status="PASS">
          <reporter-output>
          </reporter-output>
        </test-method> <!-- Exit -->
      </class> <!-- day03.DDL -->
      <class name="day04.LearnXpath">
        <test-method is-config="true" signature="Testcase()[pri:0, instance:day04.LearnXpath@33aeca0b]" started-at="2025-11-22T23:31:15 EET" name="Testcase" finished-at="2025-11-22T23:31:17 EET" duration-ms="2862" status="PASS">
          <reporter-output>
          </reporter-output>
        </test-method> <!-- Testcase -->
        <test-method signature="Test1()[pri:0, instance:day04.LearnXpath@33aeca0b]" started-at="2025-11-22T23:31:17 EET" name="Test1" finished-at="2025-11-22T23:31:18 EET" duration-ms="591" status="PASS">
          <reporter-output>
          </reporter-output>
        </test-method> <!-- Test1 -->
        <test-method is-config="true" signature="Exit()[pri:0, instance:day04.LearnXpath@33aeca0b]" started-at="2025-11-22T23:31:18 EET" name="Exit" finished-at="2025-11-22T23:31:19 EET" duration-ms="451" status="PASS">
          <reporter-output>
          </reporter-output>
        </test-method> <!-- Exit -->
      </class> <!-- day04.LearnXpath -->
    </test> <!-- Default test -->
  </suite> <!-- Default suite -->
</testng-results>
